#
# There is insufficient memory for the Java Runtime Environment to continue.
# Native memory allocation (mmap) failed to map 132120576 bytes for G1 virtual space
# Possible reasons:
#   The system is out of physical RAM or swap space
#   The process is running with CompressedOops enabled, and the Java Heap may be blocking the growth of the native heap
# Possible solutions:
#   Reduce memory load on the system
#   Increase physical memory or swap space
#   Check if swap backing store is full
#   Decrease Java heap size (-Xmx/-Xms)
#   Decrease number of Java threads
#   Decrease Java thread stack sizes (-Xss)
#   Set larger code cache with -XX:ReservedCodeCacheSize=
#   JVM is running with Unscaled Compressed Oops mode in which the Java heap is
#     placed in the first 4GB address space. The Java Heap base address is the
#     maximum limit for the native heap growth. Please use -XX:HeapBaseMinAddress
#     to set the Java Heap base and to place the Java Heap above 4GB virtual address.
# This output file may be truncated or incomplete.
#
#  Out of Memory Error (os_windows.cpp:3530), pid=19000, tid=1900
#
# JRE version:  (18.0.2.1+1) (build )
# Java VM: Java HotSpot(TM) 64-Bit Server VM (18.0.2.1+1-1, mixed mode, sharing, tiered, compressed oops, compressed class ptrs, g1 gc, windows-amd64)
# No core dump will be written. Minidumps are not enabled by default on client versions of Windows
#

---------------  S U M M A R Y ------------

Command Line: -Dfile.encoding=UTF-8 projectuas.ProjectUAS

Host: Intel(R) Core(TM) i5-8500 CPU @ 3.00GHz, 6 cores, 7G,  Windows 10 , 64 bit Build 18362 (10.0.18362.1082)
Time: Sat Dec 31 16:44:54 2022 SE Asia Standard Time elapsed time: 0.043428 seconds (0d 0h 0m 0s)

---------------  T H R E A D  ---------------

Current thread (0x000001cb2c4d2930):  JavaThread "Unknown thread" [_thread_in_vm, id=1900, stack(0x0000004b66400000,0x0000004b66500000)]

Stack: [0x0000004b66400000,0x0000004b66500000]
Native frames: (J=compiled Java code, j=interpreted, Vv=VM code, C=native code)
V  [jvm.dll+0x6993aa]
V  [jvm.dll+0x7f46dd]
V  [jvm.dll+0x7f5fee]
V  [jvm.dll+0x7f66a3]
V  [jvm.dll+0x25cf1f]
V  [jvm.dll+0x6962f9]
V  [jvm.dll+0x68ae2a]
V  [jvm.dll+0x32255b]
V  [jvm.dll+0x329f36]
V  [jvm.dll+0x37eade]
V  [jvm.dll+0x37ed0f]
V  [jvm.dll+0x2fa2da]
V  [jvm.dll+0x2fb33d]
V  [jvm.dll+0x7c3310]
V  [jvm.dll+0x38be61]
V  [jvm.dll+0x7a2023]
V  [jvm.dll+0x40dc3f]
V  [jvm.dll+0x40f611]
C  [jli.dll+0x526b]
C  [ucrtbase.dll+0x20e82]
C  [KERNEL32.DLL+0x17bd4]
C  [ntdll.dll+0x6ce51]


---------------  P R O C E S S  ---------------

Threads class SMR info:
_java_thread_list=0x00007ffb8992e550, length=0, elements={
}

Java Threads: ( => current thread )

Other Threads:
  0x000001cb2c52ecb0 WorkerThread "GC Thread#0" [stack: 0x0000004b66500000,0x0000004b66600000] [id=1776]
  0x000001cb2c540670 ConcurrentGCThread "G1 Main Marker" [stack: 0x0000004b66600000,0x0000004b66700000] [id=1888]
  0x000001cb2c542810 WorkerThread "G1 Conc#0" [stack: 0x0000004b66700000,0x0000004b66800000] [id=740]

[error occurred during error reporting (printing all threads), id 0xc0000005, EXCEPTION_ACCESS_VIOLATION (0xc0000005) at pc=0x00007ffb8915a877]

VM state: not at safepoint (not fully initialized)

VM Mutex/Monitor currently owned by a thread:  ([mutex/lock_event])
[0x000001cb2c4d27d0] Heap_lock - owner thread: 0x000001cb2c4d2930

Heap address: 0x0000000082c00000, size: 2004 MB, Compressed Oops mode: 32-bit

CDS archive(s) mapped at: [0x0000000000000000-0x0000000000000000-0x0000000000000000), size 0, SharedBaseAddress: 0x0000000800000000, ArchiveRelocationMode: 0.
Narrow klass base: 0x0000000000000000, Narrow klass shift: 0, Narrow klass range: 0x0

GC Precious Log:
 CardTable entry size: 512
 Card Set container configuration: InlinePtr #cards 5 size 8 Array Of Cards #cards 12 size 40 Howl #buckets 4 coarsen threshold 1843 Howl Bitmap #cards 512 size 80 coarsen threshold 460 Card regions per heap region 1 cards per card region 2048

Heap:
 garbage-first heap   total 0K, used 0K [0x0000000082c00000, 0x0000000100000000)
  region size 1024K, 0 young (0K), 0 survivors (0K)

[error occurred during error reporting (printing heap information), id 0xc0000005, EXCEPTION_ACCESS_VIOLATION (0xc0000005) at pc=0x00007ffb89541839]

GC Heap History (0 events):
No events

Deoptimization events (0 events):
No events

Classes loaded (0 events):
No events

Classes unloaded (0 events):
No events

Classes redefined (0 events):
No events

Internal exceptions (0 events):
No events

VM Operations (0 events):
No events

Events (1 events):
Event: 0.004 Loaded shared library C:\Program Files\Java\jdk-18.0.2.1\bin\java.dll


Dynamic libraries:
0x00007ff7031d0000 - 0x00007ff7031e0000 	C:\Program Files\Java\jdk-18.0.2.1\bin\java.exe
0x00007ffbe9b40000 - 0x00007ffbe9d30000 	C:\Windows\SYSTEM32\ntdll.dll
0x00007ffbe9980000 - 0x00007ffbe9a32000 	C:\Windows\System32\KERNEL32.DLL
0x00007ffbe71c0000 - 0x00007ffbe7465000 	C:\Windows\System32\KERNELBASE.dll
0x00007ffbe6e70000 - 0x00007ffbe6f6a000 	C:\Windows\System32\ucrtbase.dll
0x00007ffbde4a0000 - 0x00007ffbde4ba000 	C:\Program Files\Java\jdk-18.0.2.1\bin\VCRUNTIME140.dll
0x00007ffbd81b0000 - 0x00007ffbd81c8000 	C:\Program Files\Java\jdk-18.0.2.1\bin\jli.dll
0x00007ffbe9280000 - 0x00007ffbe9323000 	C:\Windows\System32\ADVAPI32.dll
0x00007ffbe7f30000 - 0x00007ffbe7fce000 	C:\Windows\System32\msvcrt.dll
0x00007ffbe8490000 - 0x00007ffbe8527000 	C:\Windows\System32\sechost.dll
0x00007ffbe9160000 - 0x00007ffbe9280000 	C:\Windows\System32\RPCRT4.dll
0x00007ffbe7fd0000 - 0x00007ffbe8165000 	C:\Windows\System32\USER32.dll
0x00007ffbe6cf0000 - 0x00007ffbe6d11000 	C:\Windows\System32\win32u.dll
0x00007ffbca4f0000 - 0x00007ffbca774000 	C:\Windows\WinSxS\amd64_microsoft.windows.common-controls_6595b64144ccf1df_6.0.18362.1082_none_9e8193e1e45b25c1\COMCTL32.dll
0x00007ffbe83b0000 - 0x00007ffbe83d6000 	C:\Windows\System32\GDI32.dll
0x00007ffbe7bf0000 - 0x00007ffbe7f25000 	C:\Windows\System32\combase.dll
0x00007ffbe6ff0000 - 0x00007ffbe7186000 	C:\Windows\System32\gdi32full.dll
0x00007ffbe6f70000 - 0x00007ffbe6ff0000 	C:\Windows\System32\bcryptPrimitives.dll
0x00007ffbe6b20000 - 0x00007ffbe6bbe000 	C:\Windows\System32\msvcp_win.dll
0x00007ffbe03b0000 - 0x00007ffbe03ba000 	C:\Windows\SYSTEM32\VERSION.dll
0x00007ffbe9ac0000 - 0x00007ffbe9aee000 	C:\Windows\System32\IMM32.DLL
0x00007ffbde310000 - 0x00007ffbde31c000 	C:\Program Files\Java\jdk-18.0.2.1\bin\vcruntime140_1.dll
0x00007ffbcf320000 - 0x00007ffbcf3ad000 	C:\Program Files\Java\jdk-18.0.2.1\bin\msvcp140.dll
0x00007ffb88e50000 - 0x00007ffb89a61000 	C:\Program Files\Java\jdk-18.0.2.1\bin\server\jvm.dll
0x00007ffbe9af0000 - 0x00007ffbe9af8000 	C:\Windows\System32\PSAPI.DLL
0x00007ffbe3310000 - 0x00007ffbe3319000 	C:\Windows\SYSTEM32\WSOCK32.dll
0x00007ffbe3690000 - 0x00007ffbe36b4000 	C:\Windows\SYSTEM32\WINMM.dll
0x00007ffbe8e80000 - 0x00007ffbe8eef000 	C:\Windows\System32\WS2_32.dll
0x00007ffbe3660000 - 0x00007ffbe368d000 	C:\Windows\SYSTEM32\winmmbase.dll
0x00007ffbe6ad0000 - 0x00007ffbe6b1a000 	C:\Windows\System32\cfgmgr32.dll
0x00007ffbe6a30000 - 0x00007ffbe6a41000 	C:\Windows\System32\kernel.appcore.dll
0x00007ffbdcd40000 - 0x00007ffbdcd4a000 	C:\Program Files\Java\jdk-18.0.2.1\bin\jimage.dll
0x00007ffbdef10000 - 0x00007ffbdf104000 	C:\Windows\SYSTEM32\DBGHELP.DLL
0x00007ffbbe440000 - 0x00007ffbbe46a000 	C:\Windows\SYSTEM32\dbgcore.DLL
0x00007ffbdde70000 - 0x00007ffbdde95000 	C:\Program Files\Java\jdk-18.0.2.1\bin\java.dll

dbghelp: loaded successfully - version: 4.0.5 - missing functions: none
symbol engine: initialized successfully - sym options: 0x614 - pdb path: .;C:\Program Files\Java\jdk-18.0.2.1\bin;C:\Windows\SYSTEM32;C:\Windows\WinSxS\amd64_microsoft.windows.common-controls_6595b64144ccf1df_6.0.18362.1082_none_9e8193e1e45b25c1;C:\Program Files\Java\jdk-18.0.2.1\bin\server

VM Arguments:
jvm_args: -Dfile.encoding=UTF-8 
java_command: projectuas.ProjectUAS
java_class_path (initial): D:\DATA KULIAH\Sem 3\PBO\UAS\Project-PBO-Java\ProjectUAS\build\classes
Launcher Type: SUN_STANDARD

[Global flags]
     intx CICompilerCount                          = 3                                         {product} {ergonomic}
     uint ConcGCThreads                            = 2                                         {product} {ergonomic}
     uint G1ConcRefinementThreads                  = 6                                         {product} {ergonomic}
   size_t G1HeapRegionSize                         = 1048576                                   {product} {ergonomic}
    uintx GCDrainStackTargetSize                   = 64                                        {product} {ergonomic}
   size_t InitialHeapSize                          = 132120576                                 {product} {ergonomic}
   size_t MarkStackSize                            = 4194304                                   {product} {ergonomic}
   size_t MaxHeapSize                              = 2101346304                                {product} {ergonomic}
   size_t MinHeapDeltaBytes                        = 1048576                                   {product} {ergonomic}
   size_t MinHeapSize                              = 8388608                                   {product} {ergonomic}
    uintx NonNMethodCodeHeapSize                   = 5832780                                {pd product} {ergonomic}
    uintx NonProfiledCodeHeapSize                  = 122912730                              {pd product} {ergonomic}
    uintx ProfiledCodeHeapSize                     = 122912730                              {pd product} {ergonomic}
    uintx ReservedCodeCacheSize                    = 251658240                              {pd product} {ergonomic}
     bool SegmentedCodeCache                       = true                                      {product} {ergonomic}
   size_t SoftMaxHeapSize                          = 2101346304                             {manageable} {ergonomic}
     bool UseCompressedClassPointers               = true                           {product lp64_product} {ergonomic}
     bool UseCompressedOops                        = true                           {product lp64_product} {ergonomic}
     bool UseG1GC                                  = true                                      {product} {ergonomic}
     bool UseLargePagesIndividualAllocation        = false                                  {pd product} {ergonomic}

Logging:
Log output configuration:
 #0: stdout all=warning uptime,level,tags foldmultilines=false
 #1: stderr all=off uptime,level,tags foldmultilines=false

Environment Variables:
PATH=C:\Program Files\Common Files\Oracle\Java\javapath;C:\Program Files (x86)\Common Files\Oracle\Java\javapath;C:\Python310\Scripts\;C:\Python310\;C:\Program Files (x86)\Common Files\Intel\Shared Files\cpp\bin\Intel64;C:\ProgramData\Oracle\Java\javapath;C:\Program Files (x86)\Common Files\Intel\Shared Libraries\redist\intel64\compiler;C:\Windows\system32;C:\Windows;C:\Windows\System32\Wbem;C:\Windows\System32\WindowsPowerShell\v1.0\;C:\Windows\System32\OpenSSH\;C:\Program Files (x86)\AMD\ATI.ACE\Core-Static;C:\Program Files\nodejs\;C:\ProgramData\chocolatey\bin;C:\Program Files\Git\cmd;C:\Users\CoolFace\AppData\Local\Microsoft\WindowsApps;C:\Users\CoolFace\AppData\Local\GitHubDesktop\bin;C:\Users\CoolFace\AppData\Roaming\npm;C:\Users\CoolFace\AppData\Local\Programs\Microsoft VS Code\bin
USERNAME=CoolFace
OS=Windows_NT
PROCESSOR_IDENTIFIER=Intel64 Family 6 Model 158 Stepping 10, GenuineIntel



---------------  S Y S T E M  ---------------

OS:
 Windows 10 , 64 bit Build 18362 (10.0.18362.1082)
OS uptime: 6 days 10:27 hours

CPU: total 6 (initial active 6) (6 cores per cpu, 1 threads per core) family 6 model 158 stepping 10 microcode 0xea, cx8, cmov, fxsr, mmx, 3dnowpref, sse, sse2, sse3, ssse3, sse4.1, sse4.2, popcnt, lzcnt, tsc, tscinvbit, avx, avx2, aes, erms, clmul, bmi1, bmi2, rtm, adx, fma, vzeroupper, clflush, clflushopt

Memory: 4k page, system-wide physical 8015M (1026M free)
TotalPageFile size 16207M (AvailPageFile size 128M)
current process WorkingSet (physical memory assigned to process): 10M, peak: 10M
current process commit charge ("private bytes"): 56M, peak: 182M

vm_info: Java HotSpot(TM) 64-Bit Server VM (18.0.2.1+1-1) for windows-amd64 JRE (18.0.2.1+1-1), built on Aug 16 2022 01:46:33 by "mach5one" with MS VC++ 16.8 / 16.9 (VS2019)

END.
